Error: INSERT INTO addressInfo (name, country, city, state, zip_code, address) 
        VALUES('', '', '', '', '', '')
Unknown column 'zip_code' in 'field list'Error: INSERT INTO addressInfo (name, country, city, state, zip_code, address) 
        VALUES('', '', '', '', '', '')
Unknown column 'zip_code' in 'field list'Error: INSERT INTO addressInfo (name, country, city, state, zip_code, address) 
        VALUES('', '', '', '', '', '')
Unknown column 'zip_code' in 'field list'Error: INSERT INTO addressInfo (name, country, city, state, zipecode, address) 
        VALUES('', '', '', '', '', '')
Unknown column 'zipecode' in 'field list'Error: INSERT INTO onestop_furniture.checkout(Name, City, state, zipcode, address , card_Name) 
        VALUES('Mitchel', 'Nairobi', 'Karen', '747747', 'Karen254' ,Mitchel)
Unknown column 'Mitchel' in 'field list'Error: INSERT INTO onestop_furniture.checkout(Name, City, state, zipcode, address , card_Name) 
        VALUES('Mitchel', 'Nairobi', 'Karen', '747747', 'Karen254' ,Mitchel)
Unknown column 'Mitchel' in 'field list'Error: INSERT INTO onestop_furniture.checkout(Name, City, state, zipcode, address , card_Name) 
        VALUES('Mitchel', 'Nairobi', 'Karen', '747747', 'Karen254' ,Mitchel)
Unknown column 'Mitchel' in 'field list'Error: INSERT INTO onestop_furniture.checkout(Name, City, state, zipcode, address , card_Name) 
        VALUES('Mitchel', 'Nairobi', 'Karen', '747747', 'Karen254' ,Mitchel)
Unknown column 'Mitchel' in 'field list'Error: INSERT INTO onestop_furniture.checkout(Name,country, City, state, zipcode, address , card_Name) 
        VALUES('Mitchel','Kenya', 'Nairobi', 'Karen', '747747', 'Karen254' ,Mitchel)
Unknown column 'Mitchel' in 'field list'Error: INSERT INTO onestop_furniture.checkout(name, country, City, state, zipcode, address , card_Name) 
        VALUES('Mitchel','Kenya', 'Nairobi', 'Karen', '747747', 'Karen254' ,Mitchel)
Unknown column 'Mitchel' in 'field list'Error: INSERT INTO onestop_furniture.checkout(name, country, City, state, zipcode, address , card_Name) 
        VALUES('Mitchel','Kenya', 'Nairobi', 'Karen', '747747', 'Karen254' ,Mitchel)
Unknown column 'Mitchel' in 'field list'Error: INSERT INTO onestop_furniture.checkout(name, country, City, state, zipcode, address , card_Name) 
        VALUES('Mitchel','Kenya', 'Nairobi', 'Karen', '747747', 'Karen254' ,12345)
Unknown column 'country' in 'field list'Error: INSERT INTO onestop_furniture.checkout(name, City, state, zipcode, address , card_Name) 
        VALUES('Mitchel', 'Nairobi', 'Karen', '747747', 'Karen254' ,12345)
Duplicate entry '747747' for key 'PRIMARY'Error: INSERT INTO onestop_furniture.checkout(name, City, state, zipcode, address , card_Name) 
        VALUES('brian', 'Nairobi', 'iu', '747747', 'Karen254' ,iu)
Unknown column 'iu' in 'field list'Error: INSERT INTO onestop_furniture.checkout(name, City, state, zipcode, address , card_Name) 
        VALUES('brian', 'Nairobi', ',kmjhg', '747747', 'Karen254' ,0987)
Duplicate entry '747747' for key 'PRIMARY'